<?xml version="1.0" encoding="UTF-8"?>
<testng-results ignored="0" total="1" passed="1" failed="0" skipped="0">
  <reporter-output>
  </reporter-output>
  <suite started-at="2023-09-19T22:08:11 EDT" name="Default suite" finished-at="2023-09-19T22:08:35 EDT" duration-ms="24112">
    <groups>
    </groups>
    <test started-at="2023-09-19T22:08:11 EDT" name="Default test" finished-at="2023-09-19T22:08:35 EDT" duration-ms="24112">
      <class name="com.qa.Redifff.TestCases.LoginTest">
        <test-method signature="loginSetup()[pri:0, instance:com.qa.Redifff.TestCases.LoginTest@26d9b808]" started-at="2023-09-19T22:08:11 EDT" name="loginSetup" finished-at="2023-09-19T22:08:35 EDT" duration-ms="23949" status="PASS">
          <reporter-output>
          </reporter-output>
        </test-method> <!-- loginSetup -->
      </class> <!-- com.qa.Redifff.TestCases.LoginTest -->
    </test> <!-- Default test -->
  </suite> <!-- Default suite -->
</testng-results>
